CRITICAL - 2025-08-28 22:38:40 --> CodeIgniter\View\Exceptions\ViewException: Invalid file: "work-with-us.php"
[Method: GET, Route: work-with-us]
in SYSTEMPATH/Exceptions/FrameworkException.php on line 41.
 1 SYSTEMPATH/View/View.php(222): CodeIgniter\Exceptions\FrameworkException::forInvalidFile('work-with-us.php')
 2 SYSTEMPATH/Common.php(1171): CodeIgniter\View\View->render('work-with-us', [], true)
 3 APPPATH/Controllers/Home.php(216): view('work-with-us')
 4 SYSTEMPATH/CodeIgniter.php(933): App\Controllers\Home->pageWorkWithUs()
 5 SYSTEMPATH/CodeIgniter.php(509): CodeIgniter\CodeIgniter->runController(Object(App\Controllers\Home))
 6 SYSTEMPATH/CodeIgniter.php(355): CodeIgniter\CodeIgniter->handleRequest(null, Object(Config\Cache), false)
 7 SYSTEMPATH/Boot.php(325): CodeIgniter\CodeIgniter->run()
 8 SYSTEMPATH/Boot.php(67): CodeIgniter\Boot::runCodeIgniter(Object(CodeIgniter\CodeIgniter))
 9 FCPATH/index.php(56): CodeIgniter\Boot::bootWeb(Object(Config\Paths))
CRITICAL - 2025-08-28 22:49:07 --> ErrorException: Trying to access array offset on value of type null
[Method: GET, Route: work-with-us]
in APPPATH/Views/frontent/workus.php on line 3.
 1 APPPATH/Views/frontent/workus.php(3): CodeIgniter\Debug\Exceptions->errorHandler(2, 'Trying to access array offset on value of type null', '/home4/whatelse/public_html/agri/app/Views/frontent/workus.php', 3)
 2 SYSTEMPATH/View/View.php(234): include('/home4/whatelse/public_html/agri/app/Views/frontent/workus.php')
 3 SYSTEMPATH/View/View.php(237): CodeIgniter\View\View->CodeIgniter\View\{closure}()
 4 SYSTEMPATH/Common.php(1171): CodeIgniter\View\View->render('frontent/workus', [], true)
 5 APPPATH/Controllers/Home.php(230): view('frontent/workus', [...])
 6 SYSTEMPATH/CodeIgniter.php(933): App\Controllers\Home->pageWorkWithUs()
 7 SYSTEMPATH/CodeIgniter.php(509): CodeIgniter\CodeIgniter->runController(Object(App\Controllers\Home))
 8 SYSTEMPATH/CodeIgniter.php(355): CodeIgniter\CodeIgniter->handleRequest(null, Object(Config\Cache), false)
 9 SYSTEMPATH/Boot.php(325): CodeIgniter\CodeIgniter->run()
10 SYSTEMPATH/Boot.php(67): CodeIgniter\Boot::runCodeIgniter(Object(CodeIgniter\CodeIgniter))
11 FCPATH/index.php(56): CodeIgniter\Boot::bootWeb(Object(Config\Paths))
