ERROR - 2025-02-02 12:53:09 --> Email: sendWithSmtp throwed ErrorException: stream_socket_enable_crypto(): SSL/TLS already set-up for this stream in /home/u491869190/domains/shineearthmovers.com/public_html/system/Email/Email.php:1916
Stack trace:
#0 [internal function]: CodeIgniter\Debug\Exceptions->errorHandler()
#1 /home/u491869190/domains/shineearthmovers.com/public_html/system/Email/Email.php(1916): stream_socket_enable_crypto()
#2 /home/u491869190/domains/shineearthmovers.com/public_html/system/Email/Email.php(1809): CodeIgniter\Email\Email->SMTPConnect()
#3 /home/u491869190/domains/shineearthmovers.com/public_html/system/Email/Email.php(1694): CodeIgniter\Email\Email->sendWithSmtp()
#4 /home/u491869190/domains/shineearthmovers.com/public_html/system/Email/Email.php(1589): CodeIgniter\Email\Email->spoolEmail()
#5 /home/u491869190/domains/shineearthmovers.com/public_html/app/Controllers/Login.php(303): CodeIgniter\Email\Email->send()
#6 /home/u491869190/domains/shineearthmovers.com/public_html/system/CodeIgniter.php(933): App\Controllers\Login->getForgotOTP()
#7 /home/u491869190/domains/shineearthmovers.com/public_html/system/CodeIgniter.php(509): CodeIgniter\CodeIgniter->runController()
#8 /home/u491869190/domains/shineearthmovers.com/public_html/system/CodeIgniter.php(355): CodeIgniter\CodeIgniter->handleRequest()
#9 /home/u491869190/domains/shineearthmovers.com/public_html/system/Boot.php(325): CodeIgniter\CodeIgniter->run()
#10 /home/u491869190/domains/shineearthmovers.com/public_html/system/Boot.php(67): CodeIgniter\Boot::runCodeIgniter()
#11 /home/u491869190/domains/shineearthmovers.com/public_html/index.php(56): CodeIgniter\Boot::bootWeb()
#12 {main}
ERROR - 2025-02-02 12:53:09 --> Email: Unable to send email using SMTP. Your server might not be configured to send mail using this method.
ERROR - 2025-02-02 12:53:09 --> 220 ESMTP smtp.hostinger.com

hello: 250-smtp.hostinger.com
250-PIPELINING
250-SIZE 48811212
250-ETRN
250-AUTH PLAIN LOGIN
250-ENHANCEDSTATUSCODES
250-8BITMIME
250-DSN
250 CHUNKING

starttls: 554 5.5.1 Error: TLS already active

The following SMTP error was encountered: 554 5.5.1 Error: TLS already active

