WARNING - 2025-09-05 17:32:56 --> [DEPRECATED] Creation of dynamic property App\Controllers\Admin\MainPage::$db is deprecated in APPPATH/Controllers/Admin/MainPage.php on line 10.
 1 SYSTEMPATH/CodeIgniter.php(903): App\Controllers\Admin\MainPage->__construct()
 2 SYSTEMPATH/CodeIgniter.php(500): CodeIgniter\CodeIgniter->createController()
 3 SYSTEMPATH/CodeIgniter.php(355): CodeIgniter\CodeIgniter->handleRequest(null, Object(Config\Cache), false)
 4 SYSTEMPATH/Boot.php(325): CodeIgniter\CodeIgniter->run()
 5 SYSTEMPATH/Boot.php(67): CodeIgniter\Boot::runCodeIgniter(Object(CodeIgniter\CodeIgniter))
 6 FCPATH/index.php(56): CodeIgniter\Boot::bootWeb(Object(Config\Paths))
INFO - 2025-09-05 17:32:56 --> Session: Class initialized using 'CodeIgniter\Session\Handlers\FileHandler' driver.
WARNING - 2025-09-05 17:40:16 --> [DEPRECATED] Creation of dynamic property App\Controllers\Admin\MainPage::$db is deprecated in APPPATH/Controllers/Admin/MainPage.php on line 10.
 1 SYSTEMPATH/CodeIgniter.php(903): App\Controllers\Admin\MainPage->__construct()
 2 SYSTEMPATH/CodeIgniter.php(500): CodeIgniter\CodeIgniter->createController()
 3 SYSTEMPATH/CodeIgniter.php(355): CodeIgniter\CodeIgniter->handleRequest(null, Object(Config\Cache), false)
 4 SYSTEMPATH/Boot.php(325): CodeIgniter\CodeIgniter->run()
 5 SYSTEMPATH/Boot.php(67): CodeIgniter\Boot::runCodeIgniter(Object(CodeIgniter\CodeIgniter))
 6 FCPATH/index.php(56): CodeIgniter\Boot::bootWeb(Object(Config\Paths))
INFO - 2025-09-05 17:40:16 --> Session: Class initialized using 'CodeIgniter\Session\Handlers\FileHandler' driver.
WARNING - 2025-09-05 17:40:20 --> [DEPRECATED] Creation of dynamic property App\Controllers\Admin\MainPage::$db is deprecated in APPPATH/Controllers/Admin/MainPage.php on line 10.
 1 SYSTEMPATH/CodeIgniter.php(903): App\Controllers\Admin\MainPage->__construct()
 2 SYSTEMPATH/CodeIgniter.php(500): CodeIgniter\CodeIgniter->createController()
 3 SYSTEMPATH/CodeIgniter.php(355): CodeIgniter\CodeIgniter->handleRequest(null, Object(Config\Cache), false)
 4 SYSTEMPATH/Boot.php(325): CodeIgniter\CodeIgniter->run()
 5 SYSTEMPATH/Boot.php(67): CodeIgniter\Boot::runCodeIgniter(Object(CodeIgniter\CodeIgniter))
 6 FCPATH/index.php(56): CodeIgniter\Boot::bootWeb(Object(Config\Paths))
INFO - 2025-09-05 17:40:20 --> Session: Class initialized using 'CodeIgniter\Session\Handlers\FileHandler' driver.
WARNING - 2025-09-05 17:52:00 --> [DEPRECATED] Creation of dynamic property App\Controllers\Admin\MainPage::$db is deprecated in APPPATH/Controllers/Admin/MainPage.php on line 10.
 1 SYSTEMPATH/CodeIgniter.php(903): App\Controllers\Admin\MainPage->__construct()
 2 SYSTEMPATH/CodeIgniter.php(500): CodeIgniter\CodeIgniter->createController()
 3 SYSTEMPATH/CodeIgniter.php(355): CodeIgniter\CodeIgniter->handleRequest(null, Object(Config\Cache), false)
 4 SYSTEMPATH/Boot.php(325): CodeIgniter\CodeIgniter->run()
 5 SYSTEMPATH/Boot.php(67): CodeIgniter\Boot::runCodeIgniter(Object(CodeIgniter\CodeIgniter))
 6 FCPATH/index.php(56): CodeIgniter\Boot::bootWeb(Object(Config\Paths))
INFO - 2025-09-05 17:52:00 --> Session: Class initialized using 'CodeIgniter\Session\Handlers\FileHandler' driver.
ERROR - 2025-09-05 17:52:00 --> POST Data: Array
(
    [web_content_1] => What We Do
    [sections] => Array
        (
            [0] => Array
                (
                    [icon] => 
                    [title] => dfsd
                    [content] => sdfsdf
                )

        )

    [web_content_id] => 16
    [for] => edit
)

WARNING - 2025-09-05 17:54:53 --> [DEPRECATED] Creation of dynamic property App\Controllers\Admin\MainPage::$db is deprecated in APPPATH/Controllers/Admin/MainPage.php on line 10.
 1 SYSTEMPATH/CodeIgniter.php(903): App\Controllers\Admin\MainPage->__construct()
 2 SYSTEMPATH/CodeIgniter.php(500): CodeIgniter\CodeIgniter->createController()
 3 SYSTEMPATH/CodeIgniter.php(355): CodeIgniter\CodeIgniter->handleRequest(null, Object(Config\Cache), false)
 4 SYSTEMPATH/Boot.php(325): CodeIgniter\CodeIgniter->run()
 5 SYSTEMPATH/Boot.php(67): CodeIgniter\Boot::runCodeIgniter(Object(CodeIgniter\CodeIgniter))
 6 FCPATH/index.php(56): CodeIgniter\Boot::bootWeb(Object(Config\Paths))
INFO - 2025-09-05 17:54:53 --> Session: Class initialized using 'CodeIgniter\Session\Handlers\FileHandler' driver.
ERROR - 2025-09-05 17:54:53 --> POST Data: Array
(
    [web_content_1] => What We Do
    [sections] => Array
        (
            [0] => Array
                (
                    [icon] => 
                    [title] => dfsd
                    [content] => sdfsdf
                )

        )

    [web_content_id] => 16
    [for] => edit
)

WARNING - 2025-09-05 17:54:56 --> [DEPRECATED] Creation of dynamic property App\Controllers\Admin\MainPage::$db is deprecated in APPPATH/Controllers/Admin/MainPage.php on line 10.
 1 SYSTEMPATH/CodeIgniter.php(903): App\Controllers\Admin\MainPage->__construct()
 2 SYSTEMPATH/CodeIgniter.php(500): CodeIgniter\CodeIgniter->createController()
 3 SYSTEMPATH/CodeIgniter.php(355): CodeIgniter\CodeIgniter->handleRequest(null, Object(Config\Cache), false)
 4 SYSTEMPATH/Boot.php(325): CodeIgniter\CodeIgniter->run()
 5 SYSTEMPATH/Boot.php(67): CodeIgniter\Boot::runCodeIgniter(Object(CodeIgniter\CodeIgniter))
 6 FCPATH/index.php(56): CodeIgniter\Boot::bootWeb(Object(Config\Paths))
INFO - 2025-09-05 17:54:56 --> Session: Class initialized using 'CodeIgniter\Session\Handlers\FileHandler' driver.
WARNING - 2025-09-05 17:56:44 --> [DEPRECATED] Creation of dynamic property App\Controllers\Admin\MainPage::$db is deprecated in APPPATH/Controllers/Admin/MainPage.php on line 10.
 1 SYSTEMPATH/CodeIgniter.php(903): App\Controllers\Admin\MainPage->__construct()
 2 SYSTEMPATH/CodeIgniter.php(500): CodeIgniter\CodeIgniter->createController()
 3 SYSTEMPATH/CodeIgniter.php(355): CodeIgniter\CodeIgniter->handleRequest(null, Object(Config\Cache), false)
 4 SYSTEMPATH/Boot.php(325): CodeIgniter\CodeIgniter->run()
 5 SYSTEMPATH/Boot.php(67): CodeIgniter\Boot::runCodeIgniter(Object(CodeIgniter\CodeIgniter))
 6 FCPATH/index.php(56): CodeIgniter\Boot::bootWeb(Object(Config\Paths))
INFO - 2025-09-05 17:56:44 --> Session: Class initialized using 'CodeIgniter\Session\Handlers\FileHandler' driver.
WARNING - 2025-09-05 17:56:51 --> [DEPRECATED] Creation of dynamic property App\Controllers\Admin\MainPage::$db is deprecated in APPPATH/Controllers/Admin/MainPage.php on line 10.
 1 SYSTEMPATH/CodeIgniter.php(903): App\Controllers\Admin\MainPage->__construct()
 2 SYSTEMPATH/CodeIgniter.php(500): CodeIgniter\CodeIgniter->createController()
 3 SYSTEMPATH/CodeIgniter.php(355): CodeIgniter\CodeIgniter->handleRequest(null, Object(Config\Cache), false)
 4 SYSTEMPATH/Boot.php(325): CodeIgniter\CodeIgniter->run()
 5 SYSTEMPATH/Boot.php(67): CodeIgniter\Boot::runCodeIgniter(Object(CodeIgniter\CodeIgniter))
 6 FCPATH/index.php(56): CodeIgniter\Boot::bootWeb(Object(Config\Paths))
INFO - 2025-09-05 17:56:51 --> Session: Class initialized using 'CodeIgniter\Session\Handlers\FileHandler' driver.
ERROR - 2025-09-05 17:56:51 --> POST Data: Array
(
    [web_content_1] => What We Do
    [stats] => Array
        (
            [0] => Array
                (
                    [icon] => 
                    [title] => fgf
                    [content] => gdfg
                )

        )

    [web_content_id] => 16
    [for] => edit
)

WARNING - 2025-09-05 17:57:03 --> [DEPRECATED] Creation of dynamic property App\Controllers\Admin\MainPage::$db is deprecated in APPPATH/Controllers/Admin/MainPage.php on line 10.
 1 SYSTEMPATH/CodeIgniter.php(903): App\Controllers\Admin\MainPage->__construct()
 2 SYSTEMPATH/CodeIgniter.php(500): CodeIgniter\CodeIgniter->createController()
 3 SYSTEMPATH/CodeIgniter.php(355): CodeIgniter\CodeIgniter->handleRequest(null, Object(Config\Cache), false)
 4 SYSTEMPATH/Boot.php(325): CodeIgniter\CodeIgniter->run()
 5 SYSTEMPATH/Boot.php(67): CodeIgniter\Boot::runCodeIgniter(Object(CodeIgniter\CodeIgniter))
 6 FCPATH/index.php(56): CodeIgniter\Boot::bootWeb(Object(Config\Paths))
INFO - 2025-09-05 17:57:03 --> Session: Class initialized using 'CodeIgniter\Session\Handlers\FileHandler' driver.
WARNING - 2025-09-05 17:57:06 --> [DEPRECATED] Creation of dynamic property App\Controllers\Admin\MainPage::$db is deprecated in APPPATH/Controllers/Admin/MainPage.php on line 10.
 1 SYSTEMPATH/CodeIgniter.php(903): App\Controllers\Admin\MainPage->__construct()
 2 SYSTEMPATH/CodeIgniter.php(500): CodeIgniter\CodeIgniter->createController()
 3 SYSTEMPATH/CodeIgniter.php(355): CodeIgniter\CodeIgniter->handleRequest(null, Object(Config\Cache), false)
 4 SYSTEMPATH/Boot.php(325): CodeIgniter\CodeIgniter->run()
 5 SYSTEMPATH/Boot.php(67): CodeIgniter\Boot::runCodeIgniter(Object(CodeIgniter\CodeIgniter))
 6 FCPATH/index.php(56): CodeIgniter\Boot::bootWeb(Object(Config\Paths))
INFO - 2025-09-05 17:57:06 --> Session: Class initialized using 'CodeIgniter\Session\Handlers\FileHandler' driver.
WARNING - 2025-09-05 17:58:44 --> [DEPRECATED] Creation of dynamic property App\Controllers\Admin\MainPage::$db is deprecated in APPPATH/Controllers/Admin/MainPage.php on line 10.
 1 SYSTEMPATH/CodeIgniter.php(903): App\Controllers\Admin\MainPage->__construct()
 2 SYSTEMPATH/CodeIgniter.php(500): CodeIgniter\CodeIgniter->createController()
 3 SYSTEMPATH/CodeIgniter.php(355): CodeIgniter\CodeIgniter->handleRequest(null, Object(Config\Cache), false)
 4 SYSTEMPATH/Boot.php(325): CodeIgniter\CodeIgniter->run()
 5 SYSTEMPATH/Boot.php(67): CodeIgniter\Boot::runCodeIgniter(Object(CodeIgniter\CodeIgniter))
 6 FCPATH/index.php(56): CodeIgniter\Boot::bootWeb(Object(Config\Paths))
INFO - 2025-09-05 17:58:44 --> Session: Class initialized using 'CodeIgniter\Session\Handlers\FileHandler' driver.
WARNING - 2025-09-05 17:58:49 --> [DEPRECATED] Creation of dynamic property App\Controllers\Admin\MainPage::$db is deprecated in APPPATH/Controllers/Admin/MainPage.php on line 10.
 1 SYSTEMPATH/CodeIgniter.php(903): App\Controllers\Admin\MainPage->__construct()
 2 SYSTEMPATH/CodeIgniter.php(500): CodeIgniter\CodeIgniter->createController()
 3 SYSTEMPATH/CodeIgniter.php(355): CodeIgniter\CodeIgniter->handleRequest(null, Object(Config\Cache), false)
 4 SYSTEMPATH/Boot.php(325): CodeIgniter\CodeIgniter->run()
 5 SYSTEMPATH/Boot.php(67): CodeIgniter\Boot::runCodeIgniter(Object(CodeIgniter\CodeIgniter))
 6 FCPATH/index.php(56): CodeIgniter\Boot::bootWeb(Object(Config\Paths))
INFO - 2025-09-05 17:58:49 --> Session: Class initialized using 'CodeIgniter\Session\Handlers\FileHandler' driver.
WARNING - 2025-09-05 17:59:29 --> [DEPRECATED] Creation of dynamic property App\Controllers\Admin\MainPage::$db is deprecated in APPPATH/Controllers/Admin/MainPage.php on line 10.
 1 SYSTEMPATH/CodeIgniter.php(903): App\Controllers\Admin\MainPage->__construct()
 2 SYSTEMPATH/CodeIgniter.php(500): CodeIgniter\CodeIgniter->createController()
 3 SYSTEMPATH/CodeIgniter.php(355): CodeIgniter\CodeIgniter->handleRequest(null, Object(Config\Cache), false)
 4 SYSTEMPATH/Boot.php(325): CodeIgniter\CodeIgniter->run()
 5 SYSTEMPATH/Boot.php(67): CodeIgniter\Boot::runCodeIgniter(Object(CodeIgniter\CodeIgniter))
 6 FCPATH/index.php(56): CodeIgniter\Boot::bootWeb(Object(Config\Paths))
INFO - 2025-09-05 17:59:29 --> Session: Class initialized using 'CodeIgniter\Session\Handlers\FileHandler' driver.
WARNING - 2025-09-05 17:59:40 --> [DEPRECATED] Creation of dynamic property App\Controllers\Admin\MainPage::$db is deprecated in APPPATH/Controllers/Admin/MainPage.php on line 10.
 1 SYSTEMPATH/CodeIgniter.php(903): App\Controllers\Admin\MainPage->__construct()
 2 SYSTEMPATH/CodeIgniter.php(500): CodeIgniter\CodeIgniter->createController()
 3 SYSTEMPATH/CodeIgniter.php(355): CodeIgniter\CodeIgniter->handleRequest(null, Object(Config\Cache), false)
 4 SYSTEMPATH/Boot.php(325): CodeIgniter\CodeIgniter->run()
 5 SYSTEMPATH/Boot.php(67): CodeIgniter\Boot::runCodeIgniter(Object(CodeIgniter\CodeIgniter))
 6 FCPATH/index.php(56): CodeIgniter\Boot::bootWeb(Object(Config\Paths))
INFO - 2025-09-05 17:59:40 --> Session: Class initialized using 'CodeIgniter\Session\Handlers\FileHandler' driver.
WARNING - 2025-09-05 18:00:02 --> [DEPRECATED] Creation of dynamic property App\Controllers\Admin\MainPage::$db is deprecated in APPPATH/Controllers/Admin/MainPage.php on line 10.
 1 SYSTEMPATH/CodeIgniter.php(903): App\Controllers\Admin\MainPage->__construct()
 2 SYSTEMPATH/CodeIgniter.php(500): CodeIgniter\CodeIgniter->createController()
 3 SYSTEMPATH/CodeIgniter.php(355): CodeIgniter\CodeIgniter->handleRequest(null, Object(Config\Cache), false)
 4 SYSTEMPATH/Boot.php(325): CodeIgniter\CodeIgniter->run()
 5 SYSTEMPATH/Boot.php(67): CodeIgniter\Boot::runCodeIgniter(Object(CodeIgniter\CodeIgniter))
 6 FCPATH/index.php(56): CodeIgniter\Boot::bootWeb(Object(Config\Paths))
INFO - 2025-09-05 18:00:02 --> Session: Class initialized using 'CodeIgniter\Session\Handlers\FileHandler' driver.
WARNING - 2025-09-05 18:00:07 --> [DEPRECATED] Creation of dynamic property App\Controllers\Admin\MainPage::$db is deprecated in APPPATH/Controllers/Admin/MainPage.php on line 10.
 1 SYSTEMPATH/CodeIgniter.php(903): App\Controllers\Admin\MainPage->__construct()
 2 SYSTEMPATH/CodeIgniter.php(500): CodeIgniter\CodeIgniter->createController()
 3 SYSTEMPATH/CodeIgniter.php(355): CodeIgniter\CodeIgniter->handleRequest(null, Object(Config\Cache), false)
 4 SYSTEMPATH/Boot.php(325): CodeIgniter\CodeIgniter->run()
 5 SYSTEMPATH/Boot.php(67): CodeIgniter\Boot::runCodeIgniter(Object(CodeIgniter\CodeIgniter))
 6 FCPATH/index.php(56): CodeIgniter\Boot::bootWeb(Object(Config\Paths))
INFO - 2025-09-05 18:00:07 --> Session: Class initialized using 'CodeIgniter\Session\Handlers\FileHandler' driver.
WARNING - 2025-09-05 18:00:31 --> [DEPRECATED] Creation of dynamic property App\Controllers\Admin\MainPage::$db is deprecated in APPPATH/Controllers/Admin/MainPage.php on line 10.
 1 SYSTEMPATH/CodeIgniter.php(903): App\Controllers\Admin\MainPage->__construct()
 2 SYSTEMPATH/CodeIgniter.php(500): CodeIgniter\CodeIgniter->createController()
 3 SYSTEMPATH/CodeIgniter.php(355): CodeIgniter\CodeIgniter->handleRequest(null, Object(Config\Cache), false)
 4 SYSTEMPATH/Boot.php(325): CodeIgniter\CodeIgniter->run()
 5 SYSTEMPATH/Boot.php(67): CodeIgniter\Boot::runCodeIgniter(Object(CodeIgniter\CodeIgniter))
 6 FCPATH/index.php(56): CodeIgniter\Boot::bootWeb(Object(Config\Paths))
INFO - 2025-09-05 18:00:31 --> Session: Class initialized using 'CodeIgniter\Session\Handlers\FileHandler' driver.
