ERROR - 2025-10-17 13:51:12 --> Array
(
    [missionStatusHidden] => 0
    [web_content_1] => Get Involved with Agriflow Initiative
    [web_content_2] => Modern irrigation systems are revolutionizing agriculture by
offering smarter, more efficient ways to manage water use. Drip irrigation, in
particular, can reduce water consumption by 30–50% by delivering water directly
to the plant root zones, minimizing evaporation and waste. This precision leads
to healthier crops and yield increases, giving farming families a tangible
return on investment. Though the initial cost is higher, most farmers see a
20–30% reduction in water bills and improved profitability within two growing
seasons.

In addition to economic and agricultural benefits, modern
irrigation promotes sustainability. Less runoff means reduced pollution of
nearby ecosystems and greater preservation of local water sources. These
systems also integrate seamlessly with modern agri-tech tools—such as weather
forecasting platforms, mobile apps, and soil moisture sensors—giving farmers
data-driven insights and control over irrigation schedules. This combination of
efficiency, sustainability, and integration makes modern irrigation a cornerstone
of future-ready farming.
    [web_content_id] => 11
    [for] => edit
)

ERROR - 2025-10-17 13:51:16 --> Array
(
    [missionStatus] => 1
    [missionStatusHidden] => 1
    [web_content_1] => Get Involved with Agriflow Initiative
    [web_content_2] => Modern irrigation systems are revolutionizing agriculture by
offering smarter, more efficient ways to manage water use. Drip irrigation, in
particular, can reduce water consumption by 30–50% by delivering water directly
to the plant root zones, minimizing evaporation and waste. This precision leads
to healthier crops and yield increases, giving farming families a tangible
return on investment. Though the initial cost is higher, most farmers see a
20–30% reduction in water bills and improved profitability within two growing
seasons.

In addition to economic and agricultural benefits, modern
irrigation promotes sustainability. Less runoff means reduced pollution of
nearby ecosystems and greater preservation of local water sources. These
systems also integrate seamlessly with modern agri-tech tools—such as weather
forecasting platforms, mobile apps, and soil moisture sensors—giving farmers
data-driven insights and control over irrigation schedules. This combination of
efficiency, sustainability, and integration makes modern irrigation a cornerstone
of future-ready farming.
    [web_content_id] => 11
    [for] => edit
)

ERROR - 2025-10-17 13:52:35 --> Array
(
    [missionStatusHidden] => 0
    [web_content_1] => Get Involved with Agriflow Initiative
    [web_content_2] => Modern irrigation systems are revolutionizing agriculture by
offering smarter, more efficient ways to manage water use. Drip irrigation, in
particular, can reduce water consumption by 30–50% by delivering water directly
to the plant root zones, minimizing evaporation and waste. This precision leads
to healthier crops and yield increases, giving farming families a tangible
return on investment. Though the initial cost is higher, most farmers see a
20–30% reduction in water bills and improved profitability within two growing
seasons.

In addition to economic and agricultural benefits, modern
irrigation promotes sustainability. Less runoff means reduced pollution of
nearby ecosystems and greater preservation of local water sources. These
systems also integrate seamlessly with modern agri-tech tools—such as weather
forecasting platforms, mobile apps, and soil moisture sensors—giving farmers
data-driven insights and control over irrigation schedules. This combination of
efficiency, sustainability, and integration makes modern irrigation a cornerstone
of future-ready farming.
    [web_content_id] => 11
    [for] => edit
)

ERROR - 2025-10-17 13:54:17 --> Array
(
    [missionStatus] => 1
    [missionStatusHidden] => 1
    [web_content_1] => Get Involved with Agriflow Initiative
    [web_content_2] => Modern irrigation systems are revolutionizing agriculture by
offering smarter, more efficient ways to manage water use. Drip irrigation, in
particular, can reduce water consumption by 30–50% by delivering water directly
to the plant root zones, minimizing evaporation and waste. This precision leads
to healthier crops and yield increases, giving farming families a tangible
return on investment. Though the initial cost is higher, most farmers see a
20–30% reduction in water bills and improved profitability within two growing
seasons.

In addition to economic and agricultural benefits, modern
irrigation promotes sustainability. Less runoff means reduced pollution of
nearby ecosystems and greater preservation of local water sources. These
systems also integrate seamlessly with modern agri-tech tools—such as weather
forecasting platforms, mobile apps, and soil moisture sensors—giving farmers
data-driven insights and control over irrigation schedules. This combination of
efficiency, sustainability, and integration makes modern irrigation a cornerstone
of future-ready farming.
    [web_content_id] => 11
    [for] => edit
)

ERROR - 2025-10-17 13:54:20 --> Array
(
    [missionStatus] => 1
    [missionStatusHidden] => 1
    [web_content_1] => Get Involved with Agriflow Initiative
    [web_content_2] => Modern irrigation systems are revolutionizing agriculture by
offering smarter, more efficient ways to manage water use. Drip irrigation, in
particular, can reduce water consumption by 30–50% by delivering water directly
to the plant root zones, minimizing evaporation and waste. This precision leads
to healthier crops and yield increases, giving farming families a tangible
return on investment. Though the initial cost is higher, most farmers see a
20–30% reduction in water bills and improved profitability within two growing
seasons.

In addition to economic and agricultural benefits, modern
irrigation promotes sustainability. Less runoff means reduced pollution of
nearby ecosystems and greater preservation of local water sources. These
systems also integrate seamlessly with modern agri-tech tools—such as weather
forecasting platforms, mobile apps, and soil moisture sensors—giving farmers
data-driven insights and control over irrigation schedules. This combination of
efficiency, sustainability, and integration makes modern irrigation a cornerstone
of future-ready farming.
    [web_content_id] => 11
    [for] => edit
)

