CRITICAL - 2025-02-07 00:14:56 --> CodeIgniter\Security\Exceptions\SecurityException: The action you requested is not allowed.
[Method: POST, Route: ajax/saveMaterial]
in SYSTEMPATH/Security/Security.php on line 262.
 1 SYSTEMPATH/Security/Security.php(262): CodeIgniter\Security\Exceptions\SecurityException::forDisallowedAction()
 2 SYSTEMPATH/Filters/CSRF.php(52): CodeIgniter\Security\Security->verify()
 3 SYSTEMPATH/Filters/Filters.php(203): CodeIgniter\Filters\CSRF->before()
 4 SYSTEMPATH/Filters/Filters.php(184): CodeIgniter\Filters\Filters->runBefore()
 5 SYSTEMPATH/CodeIgniter.php(481): CodeIgniter\Filters\Filters->run()
 6 SYSTEMPATH/CodeIgniter.php(355): CodeIgniter\CodeIgniter->handleRequest()
 7 SYSTEMPATH/Boot.php(325): CodeIgniter\CodeIgniter->run()
 8 SYSTEMPATH/Boot.php(67): CodeIgniter\Boot::runCodeIgniter()
 9 FCPATH/index.php(56): CodeIgniter\Boot::bootWeb()
ERROR - 2025-02-07 09:46:57 --> mysqli_sql_exception: Unknown column 'serial_no' in 'WHERE' in /home/u491869190/domains/shineearthmovers.com/public_html/system/Database/MySQLi/Connection.php:312
Stack trace:
#0 /home/u491869190/domains/shineearthmovers.com/public_html/system/Database/MySQLi/Connection.php(312): mysqli->query()
#1 /home/u491869190/domains/shineearthmovers.com/public_html/system/Database/BaseConnection.php(734): CodeIgniter\Database\MySQLi\Connection->execute()
#2 /home/u491869190/domains/shineearthmovers.com/public_html/system/Database/BaseConnection.php(648): CodeIgniter\Database\BaseConnection->simpleQuery()
#3 /home/u491869190/domains/shineearthmovers.com/public_html/system/Database/BaseBuilder.php(1644): CodeIgniter\Database\BaseConnection->query()
#4 /home/u491869190/domains/shineearthmovers.com/public_html/app/Helpers/util_helper.php(56): CodeIgniter\Database\BaseBuilder->get()
#5 /home/u491869190/domains/shineearthmovers.com/public_html/app/Controllers/Survey.php(124): dataTablePagination()
#6 /home/u491869190/domains/shineearthmovers.com/public_html/system/CodeIgniter.php(933): App\Controllers\Survey->getLoadList()
#7 /home/u491869190/domains/shineearthmovers.com/public_html/system/CodeIgniter.php(509): CodeIgniter\CodeIgniter->runController()
#8 /home/u491869190/domains/shineearthmovers.com/public_html/system/CodeIgniter.php(355): CodeIgniter\CodeIgniter->handleRequest()
#9 /home/u491869190/domains/shineearthmovers.com/public_html/system/Boot.php(325): CodeIgniter\CodeIgniter->run()
#10 /home/u491869190/domains/shineearthmovers.com/public_html/system/Boot.php(67): CodeIgniter\Boot::runCodeIgniter()
#11 /home/u491869190/domains/shineearthmovers.com/public_html/index.php(56): CodeIgniter\Boot::bootWeb()
#12 {main}
CRITICAL - 2025-02-07 09:46:57 --> CodeIgniter\Database\Exceptions\DatabaseException: Unknown column 'serial_no' in 'WHERE'
[Method: POST, Route: ajax/getLoadList]
in SYSTEMPATH/Database/BaseConnection.php on line 688.
 1 SYSTEMPATH/Database/BaseBuilder.php(1644): CodeIgniter\Database\BaseConnection->query()
 2 APPPATH/Helpers/util_helper.php(56): CodeIgniter\Database\BaseBuilder->get()
 3 APPPATH/Controllers/Survey.php(124): dataTablePagination()
 4 SYSTEMPATH/CodeIgniter.php(933): App\Controllers\Survey->getLoadList()
 5 SYSTEMPATH/CodeIgniter.php(509): CodeIgniter\CodeIgniter->runController()
 6 SYSTEMPATH/CodeIgniter.php(355): CodeIgniter\CodeIgniter->handleRequest()
 7 SYSTEMPATH/Boot.php(325): CodeIgniter\CodeIgniter->run()
 8 SYSTEMPATH/Boot.php(67): CodeIgniter\Boot::runCodeIgniter()
 9 FCPATH/index.php(56): CodeIgniter\Boot::bootWeb()
CRITICAL - 2025-02-07 09:46:57 --> [Caused by] CodeIgniter\Database\Exceptions\DatabaseException: Unknown column 'serial_no' in 'WHERE'
in SYSTEMPATH/Database/MySQLi/Connection.php on line 317.
 1 SYSTEMPATH/Database/BaseConnection.php(734): CodeIgniter\Database\MySQLi\Connection->execute()
 2 SYSTEMPATH/Database/BaseConnection.php(648): CodeIgniter\Database\BaseConnection->simpleQuery()
 3 SYSTEMPATH/Database/BaseBuilder.php(1644): CodeIgniter\Database\BaseConnection->query()
 4 APPPATH/Helpers/util_helper.php(56): CodeIgniter\Database\BaseBuilder->get()
 5 APPPATH/Controllers/Survey.php(124): dataTablePagination()
 6 SYSTEMPATH/CodeIgniter.php(933): App\Controllers\Survey->getLoadList()
 7 SYSTEMPATH/CodeIgniter.php(509): CodeIgniter\CodeIgniter->runController()
 8 SYSTEMPATH/CodeIgniter.php(355): CodeIgniter\CodeIgniter->handleRequest()
 9 SYSTEMPATH/Boot.php(325): CodeIgniter\CodeIgniter->run()
10 SYSTEMPATH/Boot.php(67): CodeIgniter\Boot::runCodeIgniter()
11 FCPATH/index.php(56): CodeIgniter\Boot::bootWeb()
CRITICAL - 2025-02-07 09:46:57 --> [Caused by] mysqli_sql_exception: Unknown column 'serial_no' in 'WHERE'
in SYSTEMPATH/Database/MySQLi/Connection.php on line 312.
 1 SYSTEMPATH/Database/MySQLi/Connection.php(312): mysqli->query()
 2 SYSTEMPATH/Database/BaseConnection.php(734): CodeIgniter\Database\MySQLi\Connection->execute()
 3 SYSTEMPATH/Database/BaseConnection.php(648): CodeIgniter\Database\BaseConnection->simpleQuery()
 4 SYSTEMPATH/Database/BaseBuilder.php(1644): CodeIgniter\Database\BaseConnection->query()
 5 APPPATH/Helpers/util_helper.php(56): CodeIgniter\Database\BaseBuilder->get()
 6 APPPATH/Controllers/Survey.php(124): dataTablePagination()
 7 SYSTEMPATH/CodeIgniter.php(933): App\Controllers\Survey->getLoadList()
 8 SYSTEMPATH/CodeIgniter.php(509): CodeIgniter\CodeIgniter->runController()
 9 SYSTEMPATH/CodeIgniter.php(355): CodeIgniter\CodeIgniter->handleRequest()
10 SYSTEMPATH/Boot.php(325): CodeIgniter\CodeIgniter->run()
11 SYSTEMPATH/Boot.php(67): CodeIgniter\Boot::runCodeIgniter()
12 FCPATH/index.php(56): CodeIgniter\Boot::bootWeb()
ERROR - 2025-02-07 09:47:34 --> mysqli_sql_exception: Unknown column 'serial_no' in 'WHERE' in /home/u491869190/domains/shineearthmovers.com/public_html/system/Database/MySQLi/Connection.php:312
Stack trace:
#0 /home/u491869190/domains/shineearthmovers.com/public_html/system/Database/MySQLi/Connection.php(312): mysqli->query()
#1 /home/u491869190/domains/shineearthmovers.com/public_html/system/Database/BaseConnection.php(734): CodeIgniter\Database\MySQLi\Connection->execute()
#2 /home/u491869190/domains/shineearthmovers.com/public_html/system/Database/BaseConnection.php(648): CodeIgniter\Database\BaseConnection->simpleQuery()
#3 /home/u491869190/domains/shineearthmovers.com/public_html/system/Database/BaseBuilder.php(1644): CodeIgniter\Database\BaseConnection->query()
#4 /home/u491869190/domains/shineearthmovers.com/public_html/app/Helpers/util_helper.php(56): CodeIgniter\Database\BaseBuilder->get()
#5 /home/u491869190/domains/shineearthmovers.com/public_html/app/Controllers/Survey.php(124): dataTablePagination()
#6 /home/u491869190/domains/shineearthmovers.com/public_html/system/CodeIgniter.php(933): App\Controllers\Survey->getLoadList()
#7 /home/u491869190/domains/shineearthmovers.com/public_html/system/CodeIgniter.php(509): CodeIgniter\CodeIgniter->runController()
#8 /home/u491869190/domains/shineearthmovers.com/public_html/system/CodeIgniter.php(355): CodeIgniter\CodeIgniter->handleRequest()
#9 /home/u491869190/domains/shineearthmovers.com/public_html/system/Boot.php(325): CodeIgniter\CodeIgniter->run()
#10 /home/u491869190/domains/shineearthmovers.com/public_html/system/Boot.php(67): CodeIgniter\Boot::runCodeIgniter()
#11 /home/u491869190/domains/shineearthmovers.com/public_html/index.php(56): CodeIgniter\Boot::bootWeb()
#12 {main}
CRITICAL - 2025-02-07 09:47:34 --> CodeIgniter\Database\Exceptions\DatabaseException: Unknown column 'serial_no' in 'WHERE'
[Method: POST, Route: ajax/getLoadList]
in SYSTEMPATH/Database/BaseConnection.php on line 688.
 1 SYSTEMPATH/Database/BaseBuilder.php(1644): CodeIgniter\Database\BaseConnection->query()
 2 APPPATH/Helpers/util_helper.php(56): CodeIgniter\Database\BaseBuilder->get()
 3 APPPATH/Controllers/Survey.php(124): dataTablePagination()
 4 SYSTEMPATH/CodeIgniter.php(933): App\Controllers\Survey->getLoadList()
 5 SYSTEMPATH/CodeIgniter.php(509): CodeIgniter\CodeIgniter->runController()
 6 SYSTEMPATH/CodeIgniter.php(355): CodeIgniter\CodeIgniter->handleRequest()
 7 SYSTEMPATH/Boot.php(325): CodeIgniter\CodeIgniter->run()
 8 SYSTEMPATH/Boot.php(67): CodeIgniter\Boot::runCodeIgniter()
 9 FCPATH/index.php(56): CodeIgniter\Boot::bootWeb()
CRITICAL - 2025-02-07 09:47:34 --> [Caused by] CodeIgniter\Database\Exceptions\DatabaseException: Unknown column 'serial_no' in 'WHERE'
in SYSTEMPATH/Database/MySQLi/Connection.php on line 317.
 1 SYSTEMPATH/Database/BaseConnection.php(734): CodeIgniter\Database\MySQLi\Connection->execute()
 2 SYSTEMPATH/Database/BaseConnection.php(648): CodeIgniter\Database\BaseConnection->simpleQuery()
 3 SYSTEMPATH/Database/BaseBuilder.php(1644): CodeIgniter\Database\BaseConnection->query()
 4 APPPATH/Helpers/util_helper.php(56): CodeIgniter\Database\BaseBuilder->get()
 5 APPPATH/Controllers/Survey.php(124): dataTablePagination()
 6 SYSTEMPATH/CodeIgniter.php(933): App\Controllers\Survey->getLoadList()
 7 SYSTEMPATH/CodeIgniter.php(509): CodeIgniter\CodeIgniter->runController()
 8 SYSTEMPATH/CodeIgniter.php(355): CodeIgniter\CodeIgniter->handleRequest()
 9 SYSTEMPATH/Boot.php(325): CodeIgniter\CodeIgniter->run()
10 SYSTEMPATH/Boot.php(67): CodeIgniter\Boot::runCodeIgniter()
11 FCPATH/index.php(56): CodeIgniter\Boot::bootWeb()
CRITICAL - 2025-02-07 09:47:34 --> [Caused by] mysqli_sql_exception: Unknown column 'serial_no' in 'WHERE'
in SYSTEMPATH/Database/MySQLi/Connection.php on line 312.
 1 SYSTEMPATH/Database/MySQLi/Connection.php(312): mysqli->query()
 2 SYSTEMPATH/Database/BaseConnection.php(734): CodeIgniter\Database\MySQLi\Connection->execute()
 3 SYSTEMPATH/Database/BaseConnection.php(648): CodeIgniter\Database\BaseConnection->simpleQuery()
 4 SYSTEMPATH/Database/BaseBuilder.php(1644): CodeIgniter\Database\BaseConnection->query()
 5 APPPATH/Helpers/util_helper.php(56): CodeIgniter\Database\BaseBuilder->get()
 6 APPPATH/Controllers/Survey.php(124): dataTablePagination()
 7 SYSTEMPATH/CodeIgniter.php(933): App\Controllers\Survey->getLoadList()
 8 SYSTEMPATH/CodeIgniter.php(509): CodeIgniter\CodeIgniter->runController()
 9 SYSTEMPATH/CodeIgniter.php(355): CodeIgniter\CodeIgniter->handleRequest()
10 SYSTEMPATH/Boot.php(325): CodeIgniter\CodeIgniter->run()
11 SYSTEMPATH/Boot.php(67): CodeIgniter\Boot::runCodeIgniter()
12 FCPATH/index.php(56): CodeIgniter\Boot::bootWeb()
ERROR - 2025-02-07 09:57:23 --> mysqli_sql_exception: Unknown column 'serial_no' in 'WHERE' in /home/u491869190/domains/shineearthmovers.com/public_html/system/Database/MySQLi/Connection.php:312
Stack trace:
#0 /home/u491869190/domains/shineearthmovers.com/public_html/system/Database/MySQLi/Connection.php(312): mysqli->query()
#1 /home/u491869190/domains/shineearthmovers.com/public_html/system/Database/BaseConnection.php(734): CodeIgniter\Database\MySQLi\Connection->execute()
#2 /home/u491869190/domains/shineearthmovers.com/public_html/system/Database/BaseConnection.php(648): CodeIgniter\Database\BaseConnection->simpleQuery()
#3 /home/u491869190/domains/shineearthmovers.com/public_html/system/Database/BaseBuilder.php(1644): CodeIgniter\Database\BaseConnection->query()
#4 /home/u491869190/domains/shineearthmovers.com/public_html/app/Helpers/util_helper.php(56): CodeIgniter\Database\BaseBuilder->get()
#5 /home/u491869190/domains/shineearthmovers.com/public_html/app/Controllers/Survey.php(124): dataTablePagination()
#6 /home/u491869190/domains/shineearthmovers.com/public_html/system/CodeIgniter.php(933): App\Controllers\Survey->getLoadList()
#7 /home/u491869190/domains/shineearthmovers.com/public_html/system/CodeIgniter.php(509): CodeIgniter\CodeIgniter->runController()
#8 /home/u491869190/domains/shineearthmovers.com/public_html/system/CodeIgniter.php(355): CodeIgniter\CodeIgniter->handleRequest()
#9 /home/u491869190/domains/shineearthmovers.com/public_html/system/Boot.php(325): CodeIgniter\CodeIgniter->run()
#10 /home/u491869190/domains/shineearthmovers.com/public_html/system/Boot.php(67): CodeIgniter\Boot::runCodeIgniter()
#11 /home/u491869190/domains/shineearthmovers.com/public_html/index.php(56): CodeIgniter\Boot::bootWeb()
#12 {main}
CRITICAL - 2025-02-07 09:57:23 --> CodeIgniter\Database\Exceptions\DatabaseException: Unknown column 'serial_no' in 'WHERE'
[Method: POST, Route: ajax/getLoadList]
in SYSTEMPATH/Database/BaseConnection.php on line 688.
 1 SYSTEMPATH/Database/BaseBuilder.php(1644): CodeIgniter\Database\BaseConnection->query()
 2 APPPATH/Helpers/util_helper.php(56): CodeIgniter\Database\BaseBuilder->get()
 3 APPPATH/Controllers/Survey.php(124): dataTablePagination()
 4 SYSTEMPATH/CodeIgniter.php(933): App\Controllers\Survey->getLoadList()
 5 SYSTEMPATH/CodeIgniter.php(509): CodeIgniter\CodeIgniter->runController()
 6 SYSTEMPATH/CodeIgniter.php(355): CodeIgniter\CodeIgniter->handleRequest()
 7 SYSTEMPATH/Boot.php(325): CodeIgniter\CodeIgniter->run()
 8 SYSTEMPATH/Boot.php(67): CodeIgniter\Boot::runCodeIgniter()
 9 FCPATH/index.php(56): CodeIgniter\Boot::bootWeb()
CRITICAL - 2025-02-07 09:57:23 --> [Caused by] CodeIgniter\Database\Exceptions\DatabaseException: Unknown column 'serial_no' in 'WHERE'
in SYSTEMPATH/Database/MySQLi/Connection.php on line 317.
 1 SYSTEMPATH/Database/BaseConnection.php(734): CodeIgniter\Database\MySQLi\Connection->execute()
 2 SYSTEMPATH/Database/BaseConnection.php(648): CodeIgniter\Database\BaseConnection->simpleQuery()
 3 SYSTEMPATH/Database/BaseBuilder.php(1644): CodeIgniter\Database\BaseConnection->query()
 4 APPPATH/Helpers/util_helper.php(56): CodeIgniter\Database\BaseBuilder->get()
 5 APPPATH/Controllers/Survey.php(124): dataTablePagination()
 6 SYSTEMPATH/CodeIgniter.php(933): App\Controllers\Survey->getLoadList()
 7 SYSTEMPATH/CodeIgniter.php(509): CodeIgniter\CodeIgniter->runController()
 8 SYSTEMPATH/CodeIgniter.php(355): CodeIgniter\CodeIgniter->handleRequest()
 9 SYSTEMPATH/Boot.php(325): CodeIgniter\CodeIgniter->run()
10 SYSTEMPATH/Boot.php(67): CodeIgniter\Boot::runCodeIgniter()
11 FCPATH/index.php(56): CodeIgniter\Boot::bootWeb()
CRITICAL - 2025-02-07 09:57:23 --> [Caused by] mysqli_sql_exception: Unknown column 'serial_no' in 'WHERE'
in SYSTEMPATH/Database/MySQLi/Connection.php on line 312.
 1 SYSTEMPATH/Database/MySQLi/Connection.php(312): mysqli->query()
 2 SYSTEMPATH/Database/BaseConnection.php(734): CodeIgniter\Database\MySQLi\Connection->execute()
 3 SYSTEMPATH/Database/BaseConnection.php(648): CodeIgniter\Database\BaseConnection->simpleQuery()
 4 SYSTEMPATH/Database/BaseBuilder.php(1644): CodeIgniter\Database\BaseConnection->query()
 5 APPPATH/Helpers/util_helper.php(56): CodeIgniter\Database\BaseBuilder->get()
 6 APPPATH/Controllers/Survey.php(124): dataTablePagination()
 7 SYSTEMPATH/CodeIgniter.php(933): App\Controllers\Survey->getLoadList()
 8 SYSTEMPATH/CodeIgniter.php(509): CodeIgniter\CodeIgniter->runController()
 9 SYSTEMPATH/CodeIgniter.php(355): CodeIgniter\CodeIgniter->handleRequest()
10 SYSTEMPATH/Boot.php(325): CodeIgniter\CodeIgniter->run()
11 SYSTEMPATH/Boot.php(67): CodeIgniter\Boot::runCodeIgniter()
12 FCPATH/index.php(56): CodeIgniter\Boot::bootWeb()
ERROR - 2025-02-07 09:57:38 --> mysqli_sql_exception: Unknown column 'serial_no' in 'WHERE' in /home/u491869190/domains/shineearthmovers.com/public_html/system/Database/MySQLi/Connection.php:312
Stack trace:
#0 /home/u491869190/domains/shineearthmovers.com/public_html/system/Database/MySQLi/Connection.php(312): mysqli->query()
#1 /home/u491869190/domains/shineearthmovers.com/public_html/system/Database/BaseConnection.php(734): CodeIgniter\Database\MySQLi\Connection->execute()
#2 /home/u491869190/domains/shineearthmovers.com/public_html/system/Database/BaseConnection.php(648): CodeIgniter\Database\BaseConnection->simpleQuery()
#3 /home/u491869190/domains/shineearthmovers.com/public_html/system/Database/BaseBuilder.php(1644): CodeIgniter\Database\BaseConnection->query()
#4 /home/u491869190/domains/shineearthmovers.com/public_html/app/Helpers/util_helper.php(56): CodeIgniter\Database\BaseBuilder->get()
#5 /home/u491869190/domains/shineearthmovers.com/public_html/app/Controllers/Survey.php(124): dataTablePagination()
#6 /home/u491869190/domains/shineearthmovers.com/public_html/system/CodeIgniter.php(933): App\Controllers\Survey->getLoadList()
#7 /home/u491869190/domains/shineearthmovers.com/public_html/system/CodeIgniter.php(509): CodeIgniter\CodeIgniter->runController()
#8 /home/u491869190/domains/shineearthmovers.com/public_html/system/CodeIgniter.php(355): CodeIgniter\CodeIgniter->handleRequest()
#9 /home/u491869190/domains/shineearthmovers.com/public_html/system/Boot.php(325): CodeIgniter\CodeIgniter->run()
#10 /home/u491869190/domains/shineearthmovers.com/public_html/system/Boot.php(67): CodeIgniter\Boot::runCodeIgniter()
#11 /home/u491869190/domains/shineearthmovers.com/public_html/index.php(56): CodeIgniter\Boot::bootWeb()
#12 {main}
CRITICAL - 2025-02-07 09:57:38 --> CodeIgniter\Database\Exceptions\DatabaseException: Unknown column 'serial_no' in 'WHERE'
[Method: POST, Route: ajax/getLoadList]
in SYSTEMPATH/Database/BaseConnection.php on line 688.
 1 SYSTEMPATH/Database/BaseBuilder.php(1644): CodeIgniter\Database\BaseConnection->query()
 2 APPPATH/Helpers/util_helper.php(56): CodeIgniter\Database\BaseBuilder->get()
 3 APPPATH/Controllers/Survey.php(124): dataTablePagination()
 4 SYSTEMPATH/CodeIgniter.php(933): App\Controllers\Survey->getLoadList()
 5 SYSTEMPATH/CodeIgniter.php(509): CodeIgniter\CodeIgniter->runController()
 6 SYSTEMPATH/CodeIgniter.php(355): CodeIgniter\CodeIgniter->handleRequest()
 7 SYSTEMPATH/Boot.php(325): CodeIgniter\CodeIgniter->run()
 8 SYSTEMPATH/Boot.php(67): CodeIgniter\Boot::runCodeIgniter()
 9 FCPATH/index.php(56): CodeIgniter\Boot::bootWeb()
CRITICAL - 2025-02-07 09:57:38 --> [Caused by] CodeIgniter\Database\Exceptions\DatabaseException: Unknown column 'serial_no' in 'WHERE'
in SYSTEMPATH/Database/MySQLi/Connection.php on line 317.
 1 SYSTEMPATH/Database/BaseConnection.php(734): CodeIgniter\Database\MySQLi\Connection->execute()
 2 SYSTEMPATH/Database/BaseConnection.php(648): CodeIgniter\Database\BaseConnection->simpleQuery()
 3 SYSTEMPATH/Database/BaseBuilder.php(1644): CodeIgniter\Database\BaseConnection->query()
 4 APPPATH/Helpers/util_helper.php(56): CodeIgniter\Database\BaseBuilder->get()
 5 APPPATH/Controllers/Survey.php(124): dataTablePagination()
 6 SYSTEMPATH/CodeIgniter.php(933): App\Controllers\Survey->getLoadList()
 7 SYSTEMPATH/CodeIgniter.php(509): CodeIgniter\CodeIgniter->runController()
 8 SYSTEMPATH/CodeIgniter.php(355): CodeIgniter\CodeIgniter->handleRequest()
 9 SYSTEMPATH/Boot.php(325): CodeIgniter\CodeIgniter->run()
10 SYSTEMPATH/Boot.php(67): CodeIgniter\Boot::runCodeIgniter()
11 FCPATH/index.php(56): CodeIgniter\Boot::bootWeb()
CRITICAL - 2025-02-07 09:57:38 --> [Caused by] mysqli_sql_exception: Unknown column 'serial_no' in 'WHERE'
in SYSTEMPATH/Database/MySQLi/Connection.php on line 312.
 1 SYSTEMPATH/Database/MySQLi/Connection.php(312): mysqli->query()
 2 SYSTEMPATH/Database/BaseConnection.php(734): CodeIgniter\Database\MySQLi\Connection->execute()
 3 SYSTEMPATH/Database/BaseConnection.php(648): CodeIgniter\Database\BaseConnection->simpleQuery()
 4 SYSTEMPATH/Database/BaseBuilder.php(1644): CodeIgniter\Database\BaseConnection->query()
 5 APPPATH/Helpers/util_helper.php(56): CodeIgniter\Database\BaseBuilder->get()
 6 APPPATH/Controllers/Survey.php(124): dataTablePagination()
 7 SYSTEMPATH/CodeIgniter.php(933): App\Controllers\Survey->getLoadList()
 8 SYSTEMPATH/CodeIgniter.php(509): CodeIgniter\CodeIgniter->runController()
 9 SYSTEMPATH/CodeIgniter.php(355): CodeIgniter\CodeIgniter->handleRequest()
10 SYSTEMPATH/Boot.php(325): CodeIgniter\CodeIgniter->run()
11 SYSTEMPATH/Boot.php(67): CodeIgniter\Boot::runCodeIgniter()
12 FCPATH/index.php(56): CodeIgniter\Boot::bootWeb()
