ERROR - 2025-10-27 10:34:56 --> Array
(
    [missionStatus] => 1
    [missionStatusHidden] => 1
    [web_content_1] => Sustainable Agriculture Podcasts
    [web_content_2] => Discover expert insights, farmer stories, and cutting-edge research through our collection of educational podcasts and video content focused on sustainable farming practices.
    [web_content_id] => 13
    [for] => edit
)

ERROR - 2025-10-27 11:17:52 --> Array
(
    [missionStatusHidden] => 0
    [web_content_1] => Sustainable Agriculture Podcasts
    [web_content_2] => Discover expert insights, farmer stories, and cutting-edge research through our collection of educational podcasts and video content focused on sustainable farming practices.
    [web_content_id] => 13
    [for] => edit
)

ERROR - 2025-10-27 11:19:09 --> Array
(
    [missionStatus] => 1
    [missionStatusHidden] => 1
    [web_content_1] => Sustainable Agriculture Podcasts
    [web_content_2] => Discover expert insights, farmer stories, and cutting-edge research through our collection of educational podcasts and video content focused on sustainable farming practices.
    [web_content_id] => 13
    [for] => edit
)

ERROR - 2025-10-27 11:19:11 --> Array
(
    [missionStatus] => 1
    [missionStatusHidden] => 1
    [web_content_1] => Sustainable Agriculture Podcasts
    [web_content_2] => Discover expert insights, farmer stories, and cutting-edge research through our collection of educational podcasts and video content focused on sustainable farming practices.
    [web_content_id] => 13
    [for] => edit
)

