CRITICAL - 2025-09-12 06:06:10 --> ErrorException: Undefined array key "web_url"
[Method: GET, Route: /]
in APPPATH/Views/frontent/index.php on line 369.
 1 APPPATH/Views/frontent/index.php(369): CodeIgniter\Debug\Exceptions->errorHandler(2, 'Undefined array key "web_url"', '/home4/whatelse/public_html/agri-demo/app/Views/frontent/index.php', 369)
 2 SYSTEMPATH/View/View.php(234): include('/home4/whatelse/public_html/agri-demo/app/Views/frontent/index.php')
 3 SYSTEMPATH/View/View.php(237): CodeIgniter\View\View->CodeIgniter\View\{closure}()
 4 SYSTEMPATH/Common.php(1171): CodeIgniter\View\View->render('frontent/index', [], true)
 5 APPPATH/Controllers/Home.php(79): view('frontent/index', [...])
 6 SYSTEMPATH/CodeIgniter.php(933): App\Controllers\Home->index()
 7 SYSTEMPATH/CodeIgniter.php(509): CodeIgniter\CodeIgniter->runController(Object(App\Controllers\Home))
 8 SYSTEMPATH/CodeIgniter.php(355): CodeIgniter\CodeIgniter->handleRequest(null, Object(Config\Cache), false)
 9 SYSTEMPATH/Boot.php(325): CodeIgniter\CodeIgniter->run()
10 SYSTEMPATH/Boot.php(67): CodeIgniter\Boot::runCodeIgniter(Object(CodeIgniter\CodeIgniter))
11 FCPATH/index.php(56): CodeIgniter\Boot::bootWeb(Object(Config\Paths))
CRITICAL - 2025-09-12 06:09:38 --> ErrorException: Undefined array key "web_url"
[Method: GET, Route: work-with-us]
in APPPATH/Views/frontent/workus.php on line 506.
 1 APPPATH/Views/frontent/workus.php(506): CodeIgniter\Debug\Exceptions->errorHandler(2, 'Undefined array key "web_url"', '/home4/whatelse/public_html/agri-demo/app/Views/frontent/workus.php', 506)
 2 SYSTEMPATH/View/View.php(234): include('/home4/whatelse/public_html/agri-demo/app/Views/frontent/workus.php')
 3 SYSTEMPATH/View/View.php(237): CodeIgniter\View\View->CodeIgniter\View\{closure}()
 4 SYSTEMPATH/Common.php(1171): CodeIgniter\View\View->render('frontent/workus', [], true)
 5 APPPATH/Controllers/Home.php(274): view('frontent/workus', [...])
 6 SYSTEMPATH/CodeIgniter.php(933): App\Controllers\Home->pageWorkWithUs()
 7 SYSTEMPATH/CodeIgniter.php(509): CodeIgniter\CodeIgniter->runController(Object(App\Controllers\Home))
 8 SYSTEMPATH/CodeIgniter.php(355): CodeIgniter\CodeIgniter->handleRequest(null, Object(Config\Cache), false)
 9 SYSTEMPATH/Boot.php(325): CodeIgniter\CodeIgniter->run()
10 SYSTEMPATH/Boot.php(67): CodeIgniter\Boot::runCodeIgniter(Object(CodeIgniter\CodeIgniter))
11 FCPATH/index.php(56): CodeIgniter\Boot::bootWeb(Object(Config\Paths))
CRITICAL - 2025-09-12 06:10:40 --> ErrorException: Undefined array key "web_url"
[Method: GET, Route: work-with-us]
in APPPATH/Views/frontent/workus.php on line 506.
 1 APPPATH/Views/frontent/workus.php(506): CodeIgniter\Debug\Exceptions->errorHandler(2, 'Undefined array key "web_url"', '/home4/whatelse/public_html/agri-demo/app/Views/frontent/workus.php', 506)
 2 SYSTEMPATH/View/View.php(234): include('/home4/whatelse/public_html/agri-demo/app/Views/frontent/workus.php')
 3 SYSTEMPATH/View/View.php(237): CodeIgniter\View\View->CodeIgniter\View\{closure}()
 4 SYSTEMPATH/Common.php(1171): CodeIgniter\View\View->render('frontent/workus', [], true)
 5 APPPATH/Controllers/Home.php(274): view('frontent/workus', [...])
 6 SYSTEMPATH/CodeIgniter.php(933): App\Controllers\Home->pageWorkWithUs()
 7 SYSTEMPATH/CodeIgniter.php(509): CodeIgniter\CodeIgniter->runController(Object(App\Controllers\Home))
 8 SYSTEMPATH/CodeIgniter.php(355): CodeIgniter\CodeIgniter->handleRequest(null, Object(Config\Cache), false)
 9 SYSTEMPATH/Boot.php(325): CodeIgniter\CodeIgniter->run()
10 SYSTEMPATH/Boot.php(67): CodeIgniter\Boot::runCodeIgniter(Object(CodeIgniter\CodeIgniter))
11 FCPATH/index.php(56): CodeIgniter\Boot::bootWeb(Object(Config\Paths))
